0 info it worked if it ends with ok
1 verbose cli [ 'C:\\Program Files\\nodejs\\node.exe',
1 verbose cli   'C:\\Program Files\\nodejs\\node_modules\\npm\\bin\\npm-cli.js',
1 verbose cli   'run',
1 verbose cli   'server' ]
2 info using npm@3.10.10
3 info using node@v6.10.2
4 verbose run-script [ 'preserver', 'server', 'postserver' ]
5 info lifecycle webpack_test@1.0.0~preserver: webpack_test@1.0.0
6 silly lifecycle webpack_test@1.0.0~preserver: no script for preserver, continuing
7 info lifecycle webpack_test@1.0.0~server: webpack_test@1.0.0
8 verbose lifecycle webpack_test@1.0.0~server: unsafe-perm in lifecycle true
9 verbose lifecycle webpack_test@1.0.0~server: PATH: C:\Program Files\nodejs\node_modules\npm\bin\node-gyp-bin;D:\webpack sample project\node_modules\.bin;%JAVA_HOME%\bin;C:\ProgramData\Oracle\Java\javapath;C:\windows\system32;C:\windows;C:\windows\System32\Wbem;C:\windows\System32\WindowsPowerShell\v1.0\;C:\Program Files\nodejs\;C:\Program Files\Git\cmd;C:\Program Files\TortoiseSVN\bin;D:\env\maven-3.0.5\bin;C:\ProgramData\Oracle\Java\javapath;C:\windows\system32;C:\windows;C:\windows\System32\Wbem;C:\windows\System32\WindowsPowerShell\v1.0\;C:\Program Files\nodejs\;C:\Program Files\Git\cmd;C:\Program Files\TortoiseSVN\bin;C:\ProgramData\Oracle\Java\javapath;C:\windows\system32;C:\windows;C:\windows\System32\Wbem;C:\windows\System32\WindowsPowerShell\v1.0\;C:\Program Files\nodejs\;C:\Program Files\Git\cmd;C:\Program Files\TortoiseSVN\bin;C:\Users\wb-zsl282260\AppData\Roaming\npm;C:\Users\wb-zsl282260\AppData\Local\atom\bin;C:\Users\wb-zsl282260\.nowa-gui\installation\node_modules\.bin;C:\Users\wb-zsl282260\AppData\Local\Programs\nowa-gui-version\resources\app\nodes;C:\Users\wb-zsl282260\.nowa-gui\installation\node_modules\.bin;C:\Users\wb-zsl282260\AppData\Local\Programs\nowa-gui-version\resources\app\nodes
10 verbose lifecycle webpack_test@1.0.0~server: CWD: D:\webpack sample project
11 silly lifecycle webpack_test@1.0.0~server: Args: [ '/d /s /c', 'webpack-dev-server --open' ]
12 silly lifecycle webpack_test@1.0.0~server: Returned: code: 1  signal: null
13 info lifecycle webpack_test@1.0.0~server: Failed to exec server script
14 verbose stack Error: webpack_test@1.0.0 server: `webpack-dev-server --open`
14 verbose stack Exit status 1
14 verbose stack     at EventEmitter.<anonymous> (C:\Program Files\nodejs\node_modules\npm\lib\utils\lifecycle.js:255:16)
14 verbose stack     at emitTwo (events.js:106:13)
14 verbose stack     at EventEmitter.emit (events.js:191:7)
14 verbose stack     at ChildProcess.<anonymous> (C:\Program Files\nodejs\node_modules\npm\lib\utils\spawn.js:40:14)
14 verbose stack     at emitTwo (events.js:106:13)
14 verbose stack     at ChildProcess.emit (events.js:191:7)
14 verbose stack     at maybeClose (internal/child_process.js:886:16)
14 verbose stack     at Process.ChildProcess._handle.onexit (internal/child_process.js:226:5)
15 verbose pkgid webpack_test@1.0.0
16 verbose cwd D:\webpack sample project\public
17 error Windows_NT 6.1.7601
18 error argv "C:\\Program Files\\nodejs\\node.exe" "C:\\Program Files\\nodejs\\node_modules\\npm\\bin\\npm-cli.js" "run" "server"
19 error node v6.10.2
20 error npm  v3.10.10
21 error code ELIFECYCLE
22 error webpack_test@1.0.0 server: `webpack-dev-server --open`
22 error Exit status 1
23 error Failed at the webpack_test@1.0.0 server script 'webpack-dev-server --open'.
23 error Make sure you have the latest version of node.js and npm installed.
23 error If you do, this is most likely a problem with the webpack_test package,
23 error not with npm itself.
23 error Tell the author that this fails on your system:
23 error     webpack-dev-server --open
23 error You can get information on how to open an issue for this project with:
23 error     npm bugs webpack_test
23 error Or if that isn't available, you can get their info via:
23 error     npm owner ls webpack_test
23 error There is likely additional logging output above.
24 verbose exit [ 1, true ]
